<?xml version="1.0" encoding="UTF-8"?>
<!-- Generated by org.testng.reporters.JUnitReportReporter -->
<testsuite hostname="LIN51014933" failures="0" tests="6" name="Rest" time="3.519" errors="0" timestamp="2022-08-05T11:09:28 IST" skipped="0">
  <testcase classname="Rest" name="PUT" time="0.488"/>
  <system-out/>
  <testcase classname="Rest" name="DELETE" time="1.211"/>
  <system-out/>
  <testcase classname="Rest" name="GET1" time="0.422"/>
  <system-out/>
  <testcase classname="Rest" name="POST" time="0.155"/>
  <system-out/>
  <testcase classname="Rest" name="PATCH" time="0.751"/>
  <system-out/>
  <testcase classname="Rest" name="GET" time="0.492"/>
  <system-out/>
</testsuite> <!-- Rest -->
